<?xml version="1.0" encoding="UTF-8"?>
<!-- Generated by org.testng.reporters.JUnitReportReporter -->
<testsuite skipped="0" hostname="DESKTOP-SEAR8MD" name="rediff.pack.RediffTestRunner" tests="1" failures="0" timestamp="2021-06-25T18:22:38 EDT" time="11.591" errors="0">
  <testcase name="rediffMailAlertTest" time="11.591" classname="rediff.pack.RediffTestRunner"/>
  <system-out/>
</testsuite> <!-- rediff.pack.RediffTestRunner -->
